<?xml version="1.0" encoding="UTF-8"?>
<!-- Generated by org.testng.reporters.JUnitXMLReporter -->
<testsuite ignored="0" hostname="LTIN509549" failures="0" tests="5" name="ChromeTest" time="61.095" errors="0" timestamp="2024-11-09T15:06:36 IST">
  <testcase classname="testCases.TC001_DisplayBookshelves" name="test_displayBookShelves" time="7.376"/>
  <testcase classname="testCases.TC002_BeingAtHome_SubMenuRetrieval" name="test_beingAtHome" time="3.885"/>
  <testcase classname="testCases.TC003_LoginPage" name="test_Login" time="4.093"/>
  <testcase classname="testCases.TC003_LoginPage" name="test_Login" time="0.735"/>
  <testcase classname="testCases.TC004_DisplayStudyChairs" name="test_displayStudyChairs" time="2.45"/>
</testsuite> <!-- ChromeTest -->
