<?xml version="1.0" encoding="UTF-8"?>
<testng-results ignored="0" total="5" passed="5" failed="0" skipped="0">
  <reporter-output>
  </reporter-output>
  <suite started-at="2024-11-09T15:05:35 IST" name="Suite" finished-at="2024-11-09T15:06:36 IST" duration-ms="61095">
    <groups>
    </groups>
    <test started-at="2024-11-09T15:05:35 IST" name="ChromeTest" finished-at="2024-11-09T15:06:36 IST" duration-ms="61095">
      <class name="testCases.TC004_DisplayStudyChairs">
        <test-method is-config="true" signature="setup(java.lang.String)[pri:0, instance:testCases.TC004_DisplayStudyChairs@e15b7e8]" started-at="2024-11-09T15:06:24 IST" name="setup" finished-at="2024-11-09T15:06:31 IST" duration-ms="7064" status="PASS">
          <params>
            <param index="0">
              <value>
                <![CDATA[chrome]]>
              </value>
            </param>
          </params>
          <reporter-output>
          </reporter-output>
        </test-method> <!-- setup -->
        <test-method signature="test_displayStudyChairs()[pri:0, instance:testCases.TC004_DisplayStudyChairs@e15b7e8]" started-at="2024-11-09T15:06:31 IST" name="test_displayStudyChairs" finished-at="2024-11-09T15:06:33 IST" duration-ms="2450" status="PASS">
          <reporter-output>
          </reporter-output>
        </test-method> <!-- test_displayStudyChairs -->
        <test-method is-config="true" signature="tearDown()[pri:0, instance:testCases.TC004_DisplayStudyChairs@e15b7e8]" started-at="2024-11-09T15:06:33 IST" name="tearDown" finished-at="2024-11-09T15:06:36 IST" duration-ms="2525" status="PASS">
          <reporter-output>
          </reporter-output>
        </test-method> <!-- tearDown -->
      </class> <!-- testCases.TC004_DisplayStudyChairs -->
      <class name="testCases.TC002_BeingAtHome_SubMenuRetrieval">
        <test-method is-config="true" signature="setup(java.lang.String)[pri:0, instance:testCases.TC002_BeingAtHome_SubMenuRetrieval@bae7dc0]" started-at="2024-11-09T15:05:54 IST" name="setup" finished-at="2024-11-09T15:06:02 IST" duration-ms="7522" status="PASS">
          <params>
            <param index="0">
              <value>
                <![CDATA[chrome]]>
              </value>
            </param>
          </params>
          <reporter-output>
          </reporter-output>
        </test-method> <!-- setup -->
        <test-method signature="test_beingAtHome()[pri:0, instance:testCases.TC002_BeingAtHome_SubMenuRetrieval@bae7dc0]" started-at="2024-11-09T15:06:02 IST" name="test_beingAtHome" finished-at="2024-11-09T15:06:06 IST" duration-ms="3885" status="PASS">
          <reporter-output>
          </reporter-output>
        </test-method> <!-- test_beingAtHome -->
        <test-method is-config="true" signature="tearDown()[pri:0, instance:testCases.TC002_BeingAtHome_SubMenuRetrieval@bae7dc0]" started-at="2024-11-09T15:06:06 IST" name="tearDown" finished-at="2024-11-09T15:06:08 IST" duration-ms="2551" status="PASS">
          <reporter-output>
          </reporter-output>
        </test-method> <!-- tearDown -->
      </class> <!-- testCases.TC002_BeingAtHome_SubMenuRetrieval -->
      <class name="testCases.TC001_DisplayBookshelves">
        <test-method is-config="true" signature="setup(java.lang.String)[pri:0, instance:testCases.TC001_DisplayBookshelves@21e360a]" started-at="2024-11-09T15:05:35 IST" name="setup" finished-at="2024-11-09T15:05:44 IST" duration-ms="8506" status="PASS">
          <params>
            <param index="0">
              <value>
                <![CDATA[chrome]]>
              </value>
            </param>
          </params>
          <reporter-output>
          </reporter-output>
        </test-method> <!-- setup -->
        <test-method signature="test_displayBookShelves()[pri:0, instance:testCases.TC001_DisplayBookshelves@21e360a]" started-at="2024-11-09T15:05:44 IST" name="test_displayBookShelves" finished-at="2024-11-09T15:05:51 IST" duration-ms="7376" status="PASS">
          <reporter-output>
          </reporter-output>
        </test-method> <!-- test_displayBookShelves -->
        <test-method is-config="true" signature="tearDown()[pri:0, instance:testCases.TC001_DisplayBookshelves@21e360a]" started-at="2024-11-09T15:05:51 IST" name="tearDown" finished-at="2024-11-09T15:05:54 IST" duration-ms="2989" status="PASS">
          <reporter-output>
          </reporter-output>
        </test-method> <!-- tearDown -->
      </class> <!-- testCases.TC001_DisplayBookshelves -->
      <class name="testCases.TC003_LoginPage">
        <test-method is-config="true" signature="setup(java.lang.String)[pri:0, instance:testCases.TC003_LoginPage@209da20d]" started-at="2024-11-09T15:06:08 IST" name="setup" finished-at="2024-11-09T15:06:15 IST" duration-ms="6836" status="PASS">
          <params>
            <param index="0">
              <value>
                <![CDATA[chrome]]>
              </value>
            </param>
          </params>
          <reporter-output>
          </reporter-output>
        </test-method> <!-- setup -->
        <test-method signature="test_Login(java.lang.String)[pri:0, instance:testCases.TC003_LoginPage@209da20d]" started-at="2024-11-09T15:06:16 IST" name="test_Login" data-provider="GiftCardData" finished-at="2024-11-09T15:06:20 IST" duration-ms="4093" status="PASS">
          <params>
            <param index="0">
              <value>
                <![CDATA[ahahhshs]]>
              </value>
            </param>
          </params>
          <reporter-output>
          </reporter-output>
        </test-method> <!-- test_Login -->
        <test-method signature="test_Login(java.lang.String)[pri:0, instance:testCases.TC003_LoginPage@209da20d]" started-at="2024-11-09T15:06:20 IST" name="test_Login" data-provider="GiftCardData" finished-at="2024-11-09T15:06:21 IST" duration-ms="735" status="PASS">
          <params>
            <param index="0">
              <value>
                <![CDATA[shshhshs]]>
              </value>
            </param>
          </params>
          <reporter-output>
          </reporter-output>
        </test-method> <!-- test_Login -->
        <test-method is-config="true" signature="tearDown()[pri:0, instance:testCases.TC003_LoginPage@209da20d]" started-at="2024-11-09T15:06:21 IST" name="tearDown" finished-at="2024-11-09T15:06:24 IST" duration-ms="2636" status="PASS">
          <reporter-output>
          </reporter-output>
        </test-method> <!-- tearDown -->
      </class> <!-- testCases.TC003_LoginPage -->
    </test> <!-- ChromeTest -->
  </suite> <!-- Suite -->
</testng-results>
